0 missing TLDR page(s) in check-pages/missing-tldr-commands.txt.
0 misplaced page(s) in check-pages/misplaced-pages.txt.
0 linter error(s) in check-pages/lint-errors.txt.
----------------------------------------------------------------------------------------------------
190 missing TLDR page(s) in check-pages.ar/missing-tldr-ar-commands.txt.
0 misplaced page(s) in check-pages.ar/misplaced-ar-pages.txt.
sed: -e expression #1, char 37: Unmatched ( or \(
grep: write error: Broken pipe
sed: -e expression #1, char 37: Unmatched ( or \(
0 outdated page(s) based on number of commands in check-pages.ar/outdated-ar-pages-based-on-count.txt.
0 outdated page(s) based on the commands itself in check-pages.ar/outdated-ar-pages-based-on-contents.txt.
0 missing English page(s) in check-pages.ar/missing-english-ar-pages.txt.
4272 missing translated page(s) in check-pages.ar/missing-translated-ar-pages.txt.
0 linter error(s) in check-pages.ar/lint-errors-ar.txt.
----------------------------------------------------------------------------------------------------
2 missing TLDR page(s) in check-pages.bn/missing-tldr-bn-commands.txt.
0 misplaced page(s) in check-pages.bn/misplaced-bn-pages.txt.
sed: -e expression #1, char 37: Unmatched ( or \(
sed: -e expression #1, char 37: Unmatched ( or \(
0 outdated page(s) based on number of commands in check-pages.bn/outdated-bn-pages-based-on-count.txt.
0 outdated page(s) based on the commands itself in check-pages.bn/outdated-bn-pages-based-on-contents.txt.
0 missing English page(s) in check-pages.bn/missing-english-bn-pages.txt.
4432 missing translated page(s) in check-pages.bn/missing-translated-bn-pages.txt.
0 linter error(s) in check-pages.bn/lint-errors-bn.txt.
----------------------------------------------------------------------------------------------------
188 missing TLDR page(s) in check-pages.bs/missing-tldr-bs-commands.txt.
0 misplaced page(s) in check-pages.bs/misplaced-bs-pages.txt.
sed: -e expression #1, char 37: Unmatched ( or \(
sed: -e expression #1, char 37: Unmatched ( or \(
0 outdated page(s) based on number of commands in check-pages.bs/outdated-bs-pages-based-on-count.txt.
0 outdated page(s) based on the commands itself in check-pages.bs/outdated-bs-pages-based-on-contents.txt.
0 missing English page(s) in check-pages.bs/missing-english-bs-pages.txt.
4272 missing translated page(s) in check-pages.bs/missing-translated-bs-pages.txt.
0 linter error(s) in check-pages.bs/lint-errors-bs.txt.
----------------------------------------------------------------------------------------------------
189 missing TLDR page(s) in check-pages.ca/missing-tldr-ca-commands.txt.
0 misplaced page(s) in check-pages.ca/misplaced-ca-pages.txt.
sed: -e expression #1, char 37: Unmatched ( or \(
sed: -e expression #1, char 37: Unmatched ( or \(
0 outdated page(s) based on number of commands in check-pages.ca/outdated-ca-pages-based-on-count.txt.
0 outdated page(s) based on the commands itself in check-pages.ca/outdated-ca-pages-based-on-contents.txt.
0 missing English page(s) in check-pages.ca/missing-english-ca-pages.txt.
4198 missing translated page(s) in check-pages.ca/missing-translated-ca-pages.txt.
0 linter error(s) in check-pages.ca/lint-errors-ca.txt.
----------------------------------------------------------------------------------------------------
Skipping pages.cs since it only has 2 supported platform.
----------------------------------------------------------------------------------------------------
190 missing TLDR page(s) in check-pages.da/missing-tldr-da-commands.txt.
0 misplaced page(s) in check-pages.da/misplaced-da-pages.txt.
sed: -e expression #1, char 37: Unmatched ( or \(
sed: -e expression #1, char 37: Unmatched ( or \(
0 outdated page(s) based on number of commands in check-pages.da/outdated-da-pages-based-on-count.txt.
0 outdated page(s) based on the commands itself in check-pages.da/outdated-da-pages-based-on-contents.txt.
0 missing English page(s) in check-pages.da/missing-english-da-pages.txt.
4274 missing translated page(s) in check-pages.da/missing-translated-da-pages.txt.
0 linter error(s) in check-pages.da/lint-errors-da.txt.
----------------------------------------------------------------------------------------------------
152 missing TLDR page(s) in check-pages.de/missing-tldr-de-commands.txt.
0 misplaced page(s) in check-pages.de/misplaced-de-pages.txt.
sed: -e expression #1, char 37: Unmatched ( or \(
sed: -e expression #1, char 37: Unmatched ( or \(
0 outdated page(s) based on number of commands in check-pages.de/outdated-de-pages-based-on-count.txt.
0 outdated page(s) based on the commands itself in check-pages.de/outdated-de-pages-based-on-contents.txt.
0 missing English page(s) in check-pages.de/missing-english-de-pages.txt.
3861 missing translated page(s) in check-pages.de/missing-translated-de-pages.txt.
0 linter error(s) in check-pages.de/lint-errors-de.txt.
----------------------------------------------------------------------------------------------------
158 missing TLDR page(s) in check-pages.es/missing-tldr-es-commands.txt.
0 misplaced page(s) in check-pages.es/misplaced-es-pages.txt.
sed: -e expression #1, char 37: Unmatched ( or \(
sed: -e expression #1, char 37: Unmatched ( or \(
0 outdated page(s) based on number of commands in check-pages.es/outdated-es-pages-based-on-count.txt.
0 outdated page(s) based on the commands itself in check-pages.es/outdated-es-pages-based-on-contents.txt.
0 missing English page(s) in check-pages.es/missing-english-es-pages.txt.
3835 missing translated page(s) in check-pages.es/missing-translated-es-pages.txt.
0 linter error(s) in check-pages.es/lint-errors-es.txt.
----------------------------------------------------------------------------------------------------
0 missing TLDR page(s) in check-pages.fa/missing-tldr-fa-commands.txt.
0 misplaced page(s) in check-pages.fa/misplaced-fa-pages.txt.
sed: -e expression #1, char 37: Unmatched ( or \(
sed: -e expression #1, char 37: Unmatched ( or \(
0 outdated page(s) based on number of commands in check-pages.fa/outdated-fa-pages-based-on-count.txt.
0 outdated page(s) based on the commands itself in check-pages.fa/outdated-fa-pages-based-on-contents.txt.
0 missing English page(s) in check-pages.fa/missing-english-fa-pages.txt.
4427 missing translated page(s) in check-pages.fa/missing-translated-fa-pages.txt.
0 linter error(s) in check-pages.fa/lint-errors-fa.txt.
----------------------------------------------------------------------------------------------------
Skipping pages.fi since it only has 1 supported platform.
----------------------------------------------------------------------------------------------------
152 missing TLDR page(s) in check-pages.fr/missing-tldr-fr-commands.txt.
0 misplaced page(s) in check-pages.fr/misplaced-fr-pages.txt.
sed: -e expression #1, char 37: Unmatched ( or \(
sed: -e expression #1, char 37: Unmatched ( or \(
0 outdated page(s) based on number of commands in check-pages.fr/outdated-fr-pages-based-on-count.txt.
0 outdated page(s) based on the commands itself in check-pages.fr/outdated-fr-pages-based-on-contents.txt.
0 missing English page(s) in check-pages.fr/missing-english-fr-pages.txt.
3860 missing translated page(s) in check-pages.fr/missing-translated-fr-pages.txt.
0 linter error(s) in check-pages.fr/lint-errors-fr.txt.
----------------------------------------------------------------------------------------------------
175 missing TLDR page(s) in check-pages.hi/missing-tldr-hi-commands.txt.
0 misplaced page(s) in check-pages.hi/misplaced-hi-pages.txt.
sed: -e expression #1, char 37: Unmatched ( or \(
sed: -e expression #1, char 37: Unmatched ( or \(
0 outdated page(s) based on number of commands in check-pages.hi/outdated-hi-pages-based-on-count.txt.
0 outdated page(s) based on the commands itself in check-pages.hi/outdated-hi-pages-based-on-contents.txt.
0 missing English page(s) in check-pages.hi/missing-english-hi-pages.txt.
4169 missing translated page(s) in check-pages.hi/missing-translated-hi-pages.txt.
0 linter error(s) in check-pages.hi/lint-errors-hi.txt.
----------------------------------------------------------------------------------------------------
168 missing TLDR page(s) in check-pages.id/missing-tldr-id-commands.txt.
0 misplaced page(s) in check-pages.id/misplaced-id-pages.txt.
sed: -e expression #1, char 37: Unmatched ( or \(
sed: -e expression #1, char 37: Unmatched ( or \(
0 outdated page(s) based on number of commands in check-pages.id/outdated-id-pages-based-on-count.txt.
0 outdated page(s) based on the commands itself in check-pages.id/outdated-id-pages-based-on-contents.txt.
0 missing English page(s) in check-pages.id/missing-english-id-pages.txt.
4110 missing translated page(s) in check-pages.id/missing-translated-id-pages.txt.
0 linter error(s) in check-pages.id/lint-errors-id.txt.
----------------------------------------------------------------------------------------------------
143 missing TLDR page(s) in check-pages.it/missing-tldr-it-commands.txt.
0 misplaced page(s) in check-pages.it/misplaced-it-pages.txt.
sed: -e expression #1, char 37: Unmatched ( or \(
sed: -e expression #1, char 37: Unmatched ( or \(
0 outdated page(s) based on number of commands in check-pages.it/outdated-it-pages-based-on-count.txt.
0 outdated page(s) based on the commands itself in check-pages.it/outdated-it-pages-based-on-contents.txt.
0 missing English page(s) in check-pages.it/missing-english-it-pages.txt.
3855 missing translated page(s) in check-pages.it/missing-translated-it-pages.txt.
0 linter error(s) in check-pages.it/lint-errors-it.txt.
----------------------------------------------------------------------------------------------------
178 missing TLDR page(s) in check-pages.ja/missing-tldr-ja-commands.txt.
0 misplaced page(s) in check-pages.ja/misplaced-ja-pages.txt.
sed: -e expression #1, char 37: Unmatched ( or \(
sed: -e expression #1, char 37: Unmatched ( or \(
0 outdated page(s) based on number of commands in check-pages.ja/outdated-ja-pages-based-on-count.txt.
0 outdated page(s) based on the commands itself in check-pages.ja/outdated-ja-pages-based-on-contents.txt.
0 missing English page(s) in check-pages.ja/missing-english-ja-pages.txt.
4213 missing translated page(s) in check-pages.ja/missing-translated-ja-pages.txt.
0 linter error(s) in check-pages.ja/lint-errors-ja.txt.
----------------------------------------------------------------------------------------------------
148 missing TLDR page(s) in check-pages.ko/missing-tldr-ko-commands.txt.
0 misplaced page(s) in check-pages.ko/misplaced-ko-pages.txt.
sed: -e expression #1, char 37: Unmatched ( or \(
sed: -e expression #1, char 37: Unmatched ( or \(
0 outdated page(s) based on number of commands in check-pages.ko/outdated-ko-pages-based-on-count.txt.
0 outdated page(s) based on the commands itself in check-pages.ko/outdated-ko-pages-based-on-contents.txt.
0 missing English page(s) in check-pages.ko/missing-english-ko-pages.txt.
3976 missing translated page(s) in check-pages.ko/missing-translated-ko-pages.txt.
0 linter error(s) in check-pages.ko/lint-errors-ko.txt.
----------------------------------------------------------------------------------------------------
191 missing TLDR page(s) in check-pages.lo/missing-tldr-lo-commands.txt.
0 misplaced page(s) in check-pages.lo/misplaced-lo-pages.txt.
sed: -e expression #1, char 37: Unmatched ( or \(
sed: -e expression #1, char 37: Unmatched ( or \(
0 outdated page(s) based on number of commands in check-pages.lo/outdated-lo-pages-based-on-count.txt.
0 outdated page(s) based on the commands itself in check-pages.lo/outdated-lo-pages-based-on-contents.txt.
0 missing English page(s) in check-pages.lo/missing-english-lo-pages.txt.
4278 missing translated page(s) in check-pages.lo/missing-translated-lo-pages.txt.
0 linter error(s) in check-pages.lo/lint-errors-lo.txt.
----------------------------------------------------------------------------------------------------
187 missing TLDR page(s) in check-pages.ml/missing-tldr-ml-commands.txt.
0 misplaced page(s) in check-pages.ml/misplaced-ml-pages.txt.
sed: -e expression #1, char 37: Unmatched ( or \(
sed: -e expression #1, char 37: Unmatched ( or \(
0 outdated page(s) based on number of commands in check-pages.ml/outdated-ml-pages-based-on-count.txt.
0 outdated page(s) based on the commands itself in check-pages.ml/outdated-ml-pages-based-on-contents.txt.
0 missing English page(s) in check-pages.ml/missing-english-ml-pages.txt.
4261 missing translated page(s) in check-pages.ml/missing-translated-ml-pages.txt.
0 linter error(s) in check-pages.ml/lint-errors-ml.txt.
----------------------------------------------------------------------------------------------------
189 missing TLDR page(s) in check-pages.ne/missing-tldr-ne-commands.txt.
0 misplaced page(s) in check-pages.ne/misplaced-ne-pages.txt.
sed: -e expression #1, char 37: Unmatched ( or \(
sed: -e expression #1, char 37: Unmatched ( or \(
0 outdated page(s) based on number of commands in check-pages.ne/outdated-ne-pages-based-on-count.txt.
0 outdated page(s) based on the commands itself in check-pages.ne/outdated-ne-pages-based-on-contents.txt.
0 missing English page(s) in check-pages.ne/missing-english-ne-pages.txt.
4270 missing translated page(s) in check-pages.ne/missing-translated-ne-pages.txt.
0 linter error(s) in check-pages.ne/lint-errors-ne.txt.
----------------------------------------------------------------------------------------------------
172 missing TLDR page(s) in check-pages.nl/missing-tldr-nl-commands.txt.
0 misplaced page(s) in check-pages.nl/misplaced-nl-pages.txt.
sed: -e expression #1, char 37: Unmatched ( or \(
sed: -e expression #1, char 37: Unmatched ( or \(
0 outdated page(s) based on number of commands in check-pages.nl/outdated-nl-pages-based-on-count.txt.
0 outdated page(s) based on the commands itself in check-pages.nl/outdated-nl-pages-based-on-contents.txt.
0 missing English page(s) in check-pages.nl/missing-english-nl-pages.txt.
4012 missing translated page(s) in check-pages.nl/missing-translated-nl-pages.txt.
0 linter error(s) in check-pages.nl/lint-errors-nl.txt.
----------------------------------------------------------------------------------------------------
186 missing TLDR page(s) in check-pages.no/missing-tldr-no-commands.txt.
0 misplaced page(s) in check-pages.no/misplaced-no-pages.txt.
sed: -e expression #1, char 37: Unmatched ( or \(
sed: -e expression #1, char 37: Unmatched ( or \(
0 outdated page(s) based on number of commands in check-pages.no/outdated-no-pages-based-on-count.txt.
0 outdated page(s) based on the commands itself in check-pages.no/outdated-no-pages-based-on-contents.txt.
0 missing English page(s) in check-pages.no/missing-english-no-pages.txt.
4264 missing translated page(s) in check-pages.no/missing-translated-no-pages.txt.
0 linter error(s) in check-pages.no/lint-errors-no.txt.
----------------------------------------------------------------------------------------------------
199 missing TLDR page(s) in check-pages.pl/missing-tldr-pl-commands.txt.
0 misplaced page(s) in check-pages.pl/misplaced-pl-pages.txt.
sed: -e expression #1, char 37: Unmatched ( or \(
sed: -e expression #1, char 37: Unmatched ( or \(
0 outdated page(s) based on number of commands in check-pages.pl/outdated-pl-pages-based-on-count.txt.
0 outdated page(s) based on the commands itself in check-pages.pl/outdated-pl-pages-based-on-contents.txt.
0 missing English page(s) in check-pages.pl/missing-english-pl-pages.txt.
4061 missing translated page(s) in check-pages.pl/missing-translated-pl-pages.txt.
0 linter error(s) in check-pages.pl/lint-errors-pl.txt.
----------------------------------------------------------------------------------------------------
